java.io.IOException:
Cannot run program "TCG_NOGO": error=2, No such file or directory
Waiting for connection...
gogui-server: Connected with /192.168.103.22
protocol_version
=2

name
=YEEEEEEEEEEEEEEEEEEEEE

version
=

list_commands
=

Waiting for connection...
Waiting for connection...
gogui-server: Connected with /192.168.103.22
protocol_version
=2

name
=YEEEEEEEEEEEEEEEEEEEEE

version
=

list_commands
=

boardsize 9
=

clear_board
=

boardsize 9
=

clear_board
=

genmove b
total : 64944
winrate :0.519701
average deep : 4008.02
B(A1) W(D9) B(J3) W(J8) B(G1) W(G5) B(B8) W(E8) B(E7) W(H4) 
=A1

play W J1
=

genmove b
set root to child
total : 71319
winrate :0.519946
average deep : 4543.96
B(A3) W(B2) B(A9) W(J9) B(G1) W(D7) B(J2) W(C4) B(D6) W(G2) 
=A3

play W B2
=

genmove b
set root to child
total : 83767
winrate :0.511677
average deep : 4899.9
B(A9) W(A4) B(J9) W(J7) B(D1) W(A7) B(J3) W(B1) B(G8) W(C5) 
=A9

play W H2
=

genmove b
set root to child
total : 69579
winrate :0.481667
average deep : 5324.52
B(H1) W(G2) B(J3) W(F1) B(J9) W(C9) B(D4) W(F9) B(D9) W(B1) 
=H1

play W G2
=

genmove b
set root to child
total : 74368
winrate :0.489121
average deep : 5661.47
B(J3) W(F1) B(J9) W(A4) B(C9) W(B8) B(D1) W(E9) B(H5) W(A7) 
=J3

play W F1
=

genmove b
set root to child
=E1

total : 101553
winrate :0.476682
average deep : 6244.74
B(E1) W(J9) B(C9) W(B4) B(C1) W(A4) B(D1) W(F3) B(H3) W(F2) 
play W A4
=

genmove b
set root to child
total : 76988
winrate :0.5098
average deep : 6647.55
B(B8) W(A8) B(C9) W(C8) B(B7) W(A6) B(A2) W(A7) B(F8) W(B5) 
=B8

play W A8
=

genmove b
set root to child
=B7

total : 91026
winrate :0.504279
average deep : 8059.66
B(B7) W(A6) B(A5) W(B6) B(C9) W(C8) B(D9) W(J9) B(H7) W(J7) 
play W A7
=

genmove b
set root to child
total : 78650
winrate :0.529609
average deep : 7964.15
B(C9) W(B3) B(B6) W(F3) B(F2) W(H9) B(J9) W(C4) B(E6) W(E8) 
=C9

play W B6
=

genmove b
set root to child
total : 89967
winrate :0.526141
average deep : 8739.53
B(D8) W(C8) B(E9) W(C6) B(D6) W(E8) B(G9) W(F9) B(A2) W(C3) 
=D8

play W C8
=

genmove b
set root to child
total : 107872
winrate :0.571724
average deep : 11548.6
B(E9) W(C6) B(F8) W(E8) B(G9) W(D7) B(D6) W(H9) B(F7) W(J8) 
=E9

play W C6
=

genmove b
set root to child
total : 144923
winrate :0.58058
average deep : 12682.5
B(F8) W(E8) B(G9) W(D7) B(F7) W(H9) B(E6) W(F3) B(F2) W(A5) 
=F8

play W E8
=

genmove b
set root to child
total : 171261
winrate :0.589632
average deep : 14223.7
B(G9) W(D7) B(F7) W(G8) B(J9) W(H9) B(D6) W(B1) B(C3) W(E3) 
=G9

play W D7
=

genmove b
set root to child
total : 188350
winrate :0.625557
average deep : 16746.7
B(H8) W(G8) B(J9) W(J8) B(H7) W(F7) B(J6) W(F3) B(E2) W(E6) 
=H8

play W G8
=

genmove b
set root to child
total : 167306
winrate :0.636139
average deep : 18199.6
B(J9) W(J8) B(H7) W(J7) B(F7) W(G6) B(H6) W(E6) B(D6) W(F6) 
=J9

play W J8
=

genmove b
set root to child
total : 200146
winrate :0.631601
average deep : 20621.2
B(H7) W(J7) B(F7) W(G6) B(H6) W(E6) B(D6) W(F6) B(J5) W(D4) 
=H7

play W J7
=

genmove b
set root to child
total : 182192
winrate :0.633162
average deep : 22415.4
B(F7) W(E6) B(D6) W(G6) B(H6) W(F6) B(J5) W(H5) B(D4) W(B3) 
=F7

play W G7
=

genmove b
set root to child
total : 107918
winrate :0.670351
average deep : 20720.9
B(H6) W(E6) B(D6) W(F6) B(G5) W(D4) B(E5) W(J6) B(B5) W(F4) 
=H6

play W E6
=

genmove b
set root to child
total : 168472
winrate :0.67511
average deep : 24507.9
B(D6) W(F6) B(D4) W(G5) B(J5) W(C4) B(C1) W(D3) B(A5) W(B3) 
=D6

play W G5
=

genmove b
set root to child
total : 159836
winrate :0.682861
average deep : 26733.9
B(J5) W(J4) B(G4) W(H5) B(A5) W(C4) B(C5) W(E5) B(D3) W(G3) 
=J5

play W J4
=

genmove b
set root to child
total : 198522
winrate :0.675906
average deep : 31889.2
B(G4) W(D4) B(F5) W(H5) B(A5) W(C1) B(C2) W(E5) B(B5) W(E2) 
=G4

play W D4
=

genmove b
set root to child
=A5

total : 186564
winrate :0.671413
average deep : 35223.4
B(A5) W(F6) B(F5) W(B3) B(H5) W(C3) B(C2) W(F3) B(B1) W(D2) 
play W B3
=

genmove b
set root to child
total : 173948
winrate :0.681641
average deep : 44076.5
B(F5) W(F6) B(C1) W(B1) B(C4) W(H5) B(F2) W(C5) B(D2) W(E2) 
=F5

play W H5
=

genmove b
set root to child
total : 198729
winrate :0.686687
average deep : 53927.7
B(E4) W(F6) B(C1) W(B1) B(F3) W(E5) B(C4) W(D2) B(F2) W(C2) 
=E4

play W F6
=

genmove b
set root to child
total : 234951
winrate :0.688916
average deep : 70459.4
B(C1) W(B1) B(F3) W(E5) B(C4) W(E2) B(C2) W(C3) B(F2) W(D3) 
=C1

play W B1
=

genmove b
set root to child
total : 271636
winrate :0.668958
average deep : 87665.3
B(C4) W(E3) B(F3) W(E5) B(F2) W(C2) B(D3) W(E2) B(G3) W(H4) 
=C4

play W E3
=

genmove b
set root to child
total : 263649
winrate :0.822724
average deep : 114437
B(F2) W(D3) B(C2) W(E5) B(D5) W(B5) B(C5) W(H3) B(G3) W(D2) 
=F2

play W C2
=

genmove b
set root to child
total : 311603
winrate :0.968275
average deep : 142051
B(D2) W(D3) B(F3) W(E2) B(E5) W(H3) B(G3) W(C3) B(C5) W(B5) 
=D2

boardsize 9
=

clear_board
=

genmove b
total : 68970
winrate :0.513265
average deep : 4248.7
B(A9) W(J9) B(A4) W(C4) B(E1) W(F5) B(J7) W(G2) B(B2) W(J1) 
=A9

play W J9
=

genmove b
set root to child
total : 73184
winrate :0.55519
average deep : 4729.46
B(B8) W(A8) B(C9) W(C8) B(A6) W(H1) B(J6) W(H2) B(C3) W(D1) 
=B8

play W B9
=

genmove b
set root to child
total : 70811
winrate :0.555879
average deep : 5447.32
B(C8) W(A7) B(D9) W(A1) B(J1) W(A3) B(J6) W(B2) B(B3) W(J8) 
=C8

play W A7
=

genmove b
set root to child
=D9

total : 83826
winrate :0.552861
average deep : 5278.89
B(D9) W(A1) B(D1) W(E9) B(H2) W(J1) B(C2) W(D6) B(E1) W(B5) 
play W J1
=

genmove b
set root to child
total : 70801
winrate :0.641231
average deep : 5772.75
B(E8) W(E9) B(D7) W(G9) B(H8) W(J3) B(H2) W(A1) B(J5) W(G3) 
=E8

play W D8
=

genmove b
set root to child
total : 82852
winrate :0.656032
average deep : 6061.14
B(F9) W(F8) B(D6) W(J7) B(F6) W(B3) B(G9) W(E6) B(H8) W(D1) 
=F9

play W F8
=

genmove b
set root to child
total : 95823
winrate :0.654905
average deep : 5851.43
B(D6) W(E7) B(E1) W(H6) B(A2) W(E3) B(F4) W(D5) B(G1) W(J6) 
=D6

play W G1
=

genmove b
set root to child
total : 65480
winrate :0.662821
average deep : 5768.85
B(H2) W(E7) B(J5) W(F6) B(F7) W(A1) B(B3) W(J6) B(H3) W(A5) 
=H2

play W A1
=

genmove b
set root to child
total : 72483
winrate :0.661616
average deep : 5848.51
B(E7) W(J7) B(J5) W(J4) B(E5) W(C7) B(E2) W(H5) B(B7) W(D2) 
=E7

play W J5
=

genmove b
set root to child
total : 77171
winrate :0.675628
average deep : 6711.95
B(C7) W(E6) B(F1) W(J7) B(J6) W(F3) B(H6) W(H8) B(E2) 
=C7

play W C1
=

genmove b
set root to child
total : 78785
winrate :0.671978
average deep : 7698.92
B(B2) W(E6) B(D1) W(H6) B(J7) W(C6) B(G7) W(D3) B(B5) W(C4) 
=B2

play W E6
=

genmove b
set root to child
total : 95283
winrate :0.667552
average deep : 8404.91
B(F1) W(G6) B(J7) W(H7) B(E1) W(D2) B(B3) W(B4) B(J3) W(G2) 
=F1

play W G9
=

genmove b
set root to child
total : 79442
winrate :0.680737
average deep : 8500.82
B(H8) W(H7) B(E2) W(G6) B(E4) W(E1) B(F6) W(H1) B(G2) W(J2) 
=H8

play W H3
=

genmove b
set root to child
=D1

total : 86313
winrate :0.694574
average deep : 9157.32
B(D1) W(E2) B(J2) W(G2) B(A4) W(F4) B(F3) W(H1) B(E4) W(H9) 
play W E2
=

genmove b
set root to child
total : 104695
winrate :0.697394
average deep : 10031
B(J2) W(C6) B(J7) W(H7) B(C2) W(G6) B(G2) W(B1) B(J6) W(D2) 
=J2

play W C6
=

genmove b
set root to child
=G2

total : 99111
winrate :0.699408
average deep : 10986.6
B(G2) W(J3) B(H4) W(J6) B(A2) W(H6) B(B3) W(A3) B(F5) W(C3) 
play W G5
=

genmove b
set root to child
total : 95638
winrate :0.695305
average deep : 12294.1
B(A3) W(B3) B(G6) W(H7) B(J6) W(A6) B(D3) W(C2) B(A4) W(E1) 
=A3

play W J3
=

genmove b
set root to child
=J4

total : 99215
winrate :0.695591
average deep : 13839.7
B(J4) W(B3) B(J8) W(D3) B(G6) W(H7) B(B7) W(E4) B(F5) W(F4) 
play W B3
=

genmove b
set root to child
total : 129484
winrate :0.686424
average deep : 15971.8
B(G6) W(A4) B(A2) W(H7) B(J7) W(F2) B(D3) W(F4) B(E4) W(C4) 
=G6

play W H7
=

genmove b
set root to child
total : 122084
winrate :0.675994
average deep : 17443.2
B(F5) W(A4) B(A2) W(C4) B(B5) W(J7) B(J6) W(D3) B(C2) W(F7) 
=F5

play W A4
=

genmove b
set root to child
total : 127579
winrate :0.666458
average deep : 20045.9
B(A2) W(F2) B(C2) W(D2) B(D3) W(J6) B(J8) W(C4) B(C5) W(E4) 
=A2

play W F2
=

genmove b
set root to child
total : 144114
winrate :0.693432
average deep : 26109.1
B(E1) W(C2) B(C3) W(D4) B(A5) W(J6) B(F7) W(H6) B(F4) W(G8) 
=E1

play W C2
=

genmove b
set root to child
total : 180735
winrate :0.712697
average deep : 31310.7
B(C3) W(D4) B(A5) W(J6) B(J7) W(F4) B(E3) W(D5) B(H9) W(E4) 
=C3

play W A6
=

genmove b
set root to child
total : 167106
winrate :0.723415
average deep : 36063.9
B(B5) W(E3) B(D4) W(D3) B(F3) W(H6) B(J8) W(D5) B(F7) W(J7) 
=B5

play W D4
=

genmove b
set root to child
total : 177358
winrate :0.724028
average deep : 42022.8
B(E3) W(J6) B(J8) W(J7) B(H6) W(B7) B(F4) W(E4) B(D5) W(E5) 
=E3

play W J6
=

genmove b
set root to child
total : 204288
winrate :0.721601
average deep : 48878.4
B(J8) W(J7) B(H6) W(B7) B(F4) W(E4) B(G8) W(G3) B(G7) W(B4) 
=J8

play W B7
=

genmove b
set root to child
total : 202398
winrate :0.725527
average deep : 59861
B(F4) W(J7) B(H6) W(E5) B(G8) W(F6) B(E4) W(D5) B(F3) W(G3) 
=F4

Waiting for connection...
